# JRE version: OpenJDK Runtime Environment Temurin-17.0.9+9 (17.0.9+9) (build 17.0.9+9)
# Java VM: OpenJDK 64-Bit Server VM Temurin-17.0.9+9 (17.0.9+9, mixed mode, emulated-client, tiered, compressed oops, compressed class ptrs, g1 gc, windows-amd64)
GC Precious Log:
 CPUs: 20 total, 20 available
 Memory: 32395M
 Large Page Support: Disabled
 NUMA Support: Disabled
 Compressed Oops: Enabled (32-bit)
 Heap Region Size: 1M
 Heap Min Capacity: 8M
 Heap Initial Capacity: 508M
 Heap Max Capacity: 1G
 Pre-touch: Disabled
 Parallel Workers: 15
 Concurrent Workers: 4
 Concurrent Refinement Workers: 15
 Periodic GC: Disabled
Heap:
 garbage-first heap   total 96256K, used 28136K [0x00000000c0000000, 0x0000000100000000)
  region size 1024K, 1 young (1024K), 0 survivors (0K)
 Metaspace       used 57076K, committed 57856K, reserved 1114112K
  class space    used 7044K, committed 7360K, reserved 1048576K
GC Heap History (20 events):
Event: 1364.188 GC heap before
{Heap before GC invocations=139 (full 124):
 garbage-first heap   total 96256K, used 28135K [0x00000000c0000000, 0x0000000100000000)
  region size 1024K, 1 young (1024K), 0 survivors (0K)
 Metaspace       used 57076K, committed 57856K, reserved 1114112K
  class space    used 7044K, committed 7360K, reserved 1048576K
}
Event: 1364.205 GC heap after
{Heap after GC invocations=140 (full 125):
 garbage-first heap   total 96256K, used 28135K [0x00000000c0000000, 0x0000000100000000)
  region size 1024K, 0 young (0K), 0 survivors (0K)
 Metaspace       used 57076K, committed 57856K, reserved 1114112K
  class space    used 7044K, committed 7360K, reserved 1048576K
}
Event: 1374.301 GC heap before
{Heap before GC invocations=140 (full 125):
 garbage-first heap   total 96256K, used 28135K [0x00000000c0000000, 0x0000000100000000)
  region size 1024K, 1 young (1024K), 0 survivors (0K)
 Metaspace       used 57076K, committed 57856K, reserved 1114112K
  class space    used 7044K, committed 7360K, reserved 1048576K
}
Event: 1374.318 GC heap after
{Heap after GC invocations=141 (full 126):
 garbage-first heap   total 96256K, used 28135K [0x00000000c0000000, 0x0000000100000000)
  region size 1024K, 0 young (0K), 0 survivors (0K)
 Metaspace       used 57076K, committed 57856K, reserved 1114112K
  class space    used 7044K, committed 7360K, reserved 1048576K
}
Event: 1384.400 GC heap before
{Heap before GC invocations=141 (full 126):
 garbage-first heap   total 96256K, used 28135K [0x00000000c0000000, 0x0000000100000000)
  region size 1024K, 1 young (1024K), 0 survivors (0K)
 Metaspace       used 57076K, committed 57856K, reserved 1114112K
  class space    used 7044K, committed 7360K, reserved 1048576K
}
Event: 1384.416 GC heap after
{Heap after GC invocations=142 (full 127):
 garbage-first heap   total 96256K, used 28135K [0x00000000c0000000, 0x0000000100000000)
  region size 1024K, 0 young (0K), 0 survivors (0K)
 Metaspace       used 57076K, committed 57856K, reserved 1114112K
  class space    used 7044K, committed 7360K, reserved 1048576K
}
Event: 1394.515 GC heap before
{Heap before GC invocations=142 (full 127):
 garbage-first heap   total 96256K, used 28135K [0x00000000c0000000, 0x0000000100000000)
  region size 1024K, 1 young (1024K), 0 survivors (0K)
 Metaspace       used 57076K, committed 57856K, reserved 1114112K
  class space    used 7044K, committed 7360K, reserved 1048576K
}
Event: 1394.531 GC heap after
{Heap after GC invocations=143 (full 128):
 garbage-first heap   total 96256K, used 28135K [0x00000000c0000000, 0x0000000100000000)
  region size 1024K, 0 young (0K), 0 survivors (0K)
 Metaspace       used 57076K, committed 57856K, reserved 1114112K
  class space    used 7044K, committed 7360K, reserved 1048576K
}
Event: 1404.640 GC heap before
{Heap before GC invocations=143 (full 128):
 garbage-first heap   total 96256K, used 28135K [0x00000000c0000000, 0x0000000100000000)
  region size 1024K, 1 young (1024K), 0 survivors (0K)
 Metaspace       used 57076K, committed 57856K, reserved 1114112K
  class space    used 7044K, committed 7360K, reserved 1048576K
}
Event: 1404.659 GC heap after
{Heap after GC invocations=144 (full 129):
 garbage-first heap   total 96256K, used 28135K [0x00000000c0000000, 0x0000000100000000)
  region size 1024K, 0 young (0K), 0 survivors (0K)
 Metaspace       used 57076K, committed 57856K, reserved 1114112K
  class space    used 7044K, committed 7360K, reserved 1048576K
}
Event: 1414.769 GC heap before
{Heap before GC invocations=144 (full 129):
 garbage-first heap   total 96256K, used 28135K [0x00000000c0000000, 0x0000000100000000)
  region size 1024K, 1 young (1024K), 0 survivors (0K)
 Metaspace       used 57076K, committed 57856K, reserved 1114112K
  class space    used 7044K, committed 7360K, reserved 1048576K
}
Event: 1414.784 GC heap after
{Heap after GC invocations=145 (full 130):
 garbage-first heap   total 96256K, used 28135K [0x00000000c0000000, 0x0000000100000000)
  region size 1024K, 0 young (0K), 0 survivors (0K)
 Metaspace       used 57076K, committed 57856K, reserved 1114112K
  class space    used 7044K, committed 7360K, reserved 1048576K
}
Event: 1424.876 GC heap before
{Heap before GC invocations=145 (full 130):
 garbage-first heap   total 96256K, used 28135K [0x00000000c0000000, 0x0000000100000000)
  region size 1024K, 1 young (1024K), 0 survivors (0K)
 Metaspace       used 57076K, committed 57856K, reserved 1114112K
  class space    used 7044K, committed 7360K, reserved 1048576K
}
Event: 1424.892 GC heap after
{Heap after GC invocations=146 (full 131):
 garbage-first heap   total 96256K, used 28135K [0x00000000c0000000, 0x0000000100000000)
  region size 1024K, 0 young (0K), 0 survivors (0K)
 Metaspace       used 57076K, committed 57856K, reserved 1114112K
  class space    used 7044K, committed 7360K, reserved 1048576K
}
Event: 1434.977 GC heap before
{Heap before GC invocations=146 (full 131):
 garbage-first heap   total 96256K, used 28135K [0x00000000c0000000, 0x0000000100000000)
  region size 1024K, 1 young (1024K), 0 survivors (0K)
 Metaspace       used 57076K, committed 57856K, reserved 1114112K
  class space    used 7044K, committed 7360K, reserved 1048576K
}
Event: 1434.993 GC heap after
{Heap after GC invocations=147 (full 132):
 garbage-first heap   total 96256K, used 28135K [0x00000000c0000000, 0x0000000100000000)
  region size 1024K, 0 young (0K), 0 survivors (0K)
 Metaspace       used 57076K, committed 57856K, reserved 1114112K
  class space    used 7044K, committed 7360K, reserved 1048576K
}
Event: 1475.138 GC heap before
{Heap before GC invocations=147 (full 132):
 garbage-first heap   total 96256K, used 28135K [0x00000000c0000000, 0x0000000100000000)
  region size 1024K, 1 young (1024K), 0 survivors (0K)
 Metaspace       used 57076K, committed 57856K, reserved 1114112K
  class space    used 7044K, committed 7360K, reserved 1048576K
}
Event: 1475.155 GC heap after
{Heap after GC invocations=148 (full 133):
 garbage-first heap   total 96256K, used 28136K [0x00000000c0000000, 0x0000000100000000)
  region size 1024K, 0 young (0K), 0 survivors (0K)
 Metaspace       used 57076K, committed 57856K, reserved 1114112K
  class space    used 7044K, committed 7360K, reserved 1048576K
}
Event: 1485.266 GC heap before
{Heap before GC invocations=148 (full 133):
 garbage-first heap   total 96256K, used 28136K [0x00000000c0000000, 0x0000000100000000)
  region size 1024K, 1 young (1024K), 0 survivors (0K)
 Metaspace       used 57076K, committed 57856K, reserved 1114112K
  class space    used 7044K, committed 7360K, reserved 1048576K
}
Event: 1485.283 GC heap after
{Heap after GC invocations=149 (full 134):
 garbage-first heap   total 96256K, used 28136K [0x00000000c0000000, 0x0000000100000000)
  region size 1024K, 0 young (0K), 0 survivors (0K)
 Metaspace       used 57076K, committed 57856K, reserved 1114112K
  class space    used 7044K, committed 7360K, reserved 1048576K
}

